C:\Program Files (x86)\Microsoft Visual Studio\2017\Community\Common7\IDE\VC\VCTargets\Microsoft.CppBuild.targets(391,5): warning MSB8028: The intermediate directory (x64\Debug\) contains files shared from another project (RGBDCapture.vcxproj).  This can lead to incorrect clean and rebuild behavior.
  main.cpp
  Unknown compiler version - please run the configure tests and report the results
  OpenNISensor.cpp
  Unknown compiler version - please run the configure tests and report the results
d:\uni\prs\hgrkinect\hgrkinect\opennisensor.cpp(97): warning C4267: 'initializing': conversion from 'size_t' to 'int', possible loss of data
  RGBDSensor.cpp
  Unknown compiler version - please run the configure tests and report the results
  Sampler.cpp
  Unknown compiler version - please run the configure tests and report the results
d:\uni\prs\hgrkinect\hgrkinect\sampler.cpp(25): warning C4244: 'argument': conversion from 'float' to 'const unsigned __int64', possible loss of data
d:\uni\prs\hgrkinect\hgrkinect\sampler.cpp(26): warning C4244: 'argument': conversion from 'float' to 'const unsigned __int64', possible loss of data
d:\uni\prs\hgrkinect\hgrkinect\sampler.cpp(41): warning C4244: 'argument': conversion from 'float' to 'const unsigned __int64', possible loss of data
  svm.cpp
  Transformer.cpp
  Unknown compiler version - please run the configure tests and report the results
d:\uni\prs\hgrkinect\hgrkinect\transformer.cpp(165): warning C4267: 'initializing': conversion from 'size_t' to 'int', possible loss of data
d:\uni\prs\hgrkinect\hgrkinect\transformer.cpp(166): warning C4267: 'initializing': conversion from 'size_t' to 'int', possible loss of data
  Generating Code...
  HGRKinect.vcxproj -> D:\Uni\PRS\HGRKinect\x64\Debug\HGRKinect.exe
